         w __deregister_frame_info
         w __register_frame_info
         w _ITM_deregisterTMCloneTable
         w _ITM_registerTMCloneTable
00000000 b .LANCHOR1
00000000 00000401 b __fixedpath
00000000 b _TLS_MODULE_BASE_
00000000 a shift
00000000 a shift
00000404 b .LANCHOR3
00000404 00000802 b __utf16path
00000c08 b .LANCHOR5
00000c08 00000802 b __utf16path_old.8298
00100000 A __start__
00100000 T _start
00100008 T __service_ptr
0010000c T __apt_appid
00100010 T __heap_size
00100014 T __linear_heap_size
00100018 T __system_arglist
0010001c T __system_runflags
00100020 t startup
00100058 t ClearMem
0010006c t ClrLoop
00100094 T _init
001000ac T initSystem
001000f0 T __ctru_exit
00100110 T __aeabi_idiv
00100110 00000220 T __divsi3
00100118 t .divsi3_skip_div0_test
00100330 00000020 T __aeabi_idivmod
00100350 00000004 W __aeabi_idiv0
00100350 00000004 W __aeabi_ldiv0
00100354 T __aeabi_uldivmod
001003a8 00000390 T strcmp
00100730 t .udivsi3_skip_div0_test
00100730 T __aeabi_uidiv
00100730 000001ec T __udivsi3
0010091c 00000020 T __aeabi_uidivmod
0010093c t deregister_tm_clones
00100968 t register_tm_clones
001009a0 t __do_global_dtors_aux
001009e4 t frame_dummy
00100a18 00000064 T main
00100a7c 000001b8 T consoleDrawChar
00100c34 00000124 T consolePrintChar
00100d58 00000164 t consoleCls
00100ebc 00000104 T consoleInit
00100fc0 00000114 t consoleClearLine
001010d4 000000c4 t newRow
00101198 000007b8 T con_write
00101950 0000008c t gfxSetFramebufferInfo.part.0
001019dc 0000006c t gfxSetFramebufferInfo
00101a48 00000058 t gfxGetFramebuffer.part.1
00101aa0 00000018 T __get_bytes_per_pixel
00101ab8 00000184 T gfxSetScreenFormat
00101c3c 00000010 T gfxSetDoubleBuffering
00101c4c 00000210 T gfxInit
00101e5c 00000010 T gfxInitDefault
00101e6c 000000e0 T gfxExit
00101f4c 00000060 T gfxGetFramebuffer
00101fac 000000cc T gfxFlushBuffers
00102078 000000f8 T gfxConfigScreen
00102170 00000020 T gfxSwapBuffersGpu
00102190 00000074 T gspInit
00102204 0000003c T gspExit
00102240 000000a0 T gspInitEventHandler
001022e0 00000040 T gspExitEventHandler
00102320 00000044 T gspWaitForEvent
00102364 00000004 W gxCmdQueueInterrupt
00102368 00000178 t gspEventThreadMain
001024e0 0000006c T GSPGPU_SetBufferSwap
0010254c 0000004c T GSPGPU_FlushDataCache
00102598 00000034 T GSPGPU_SetLcdForceBlack
001025cc 00000064 T GSPGPU_RegisterInterruptRelayQueue
00102630 0000002c T GSPGPU_UnregisterInterruptRelayQueue
0010265c 00000048 T GSPGPU_AcquireRight
001026a4 0000002c T GSPGPU_ReleaseRight
001026d0 00000080 T GSPGPU_ImportDisplayCaptureInfo
00102750 0000002c T GSPGPU_SaveVramSysArea
0010277c 0000002c T GSPGPU_RestoreVramSysArea
001027a8 00000004 W _aptDebug
001027ac 00000170 T aptSendCommand
0010291c 0000003c t aptExitProcess
00102958 0000004c T APT_InquireNotification
001029a4 00000198 t aptEventHandler
00102b3c 00000074 T APT_AppletUtility
00102bb0 000000b0 T aptSetSleepAllowed
00102c60 000000b0 T APT_GlanceParameter
00102d10 000000c4 T APT_ReceiveParameter
00102dd4 000000bc t aptReceiveParameter.constprop.0
00102e90 000001e0 t aptScreenTransfer
00103070 00000210 t aptWaitForWakeUp
00103280 00000070 T APT_CancelParameter
001032f0 0000025c T aptInit
0010354c 00000088 t aptClearParamQueue
001035d4 00000208 T aptMainLoop
001037e0 0000023c T aptExit
00103a1c 0000007c T APT_CheckNew3DS
00103a98 00000028 t hidCheckSectionUpdateTime.part.0
00103ac0 000000d0 T hidExit
00103b90 00000210 T hidScanInput
00103da0 00000010 T hidKeysDown
00103db0 00000090 T HIDUSER_GetHandles
00103e40 000001a4 T hidInit
00103fe4 00000038 W __libctru_init
0010401c 00000030 t __ctru_get_reent
0010404c 000000e8 T __system_initSyscalls
00104134 00000104 W __system_allocateHeaps
00104238 000000f0 T __system_initArgv
00104328 T svcControlMemory
00104348 T svcExitProcess
00104350 T svcCreateThread
00104370 T svcExitThread
00104378 T svcSleepThread
00104380 T svcReleaseMutex
00104388 T svcCreateEvent
0010439c T svcSignalEvent
001043a4 T svcClearEvent
001043ac T svcMapMemoryBlock
001043b4 T svcUnmapMemoryBlock
001043bc T svcCreateAddressArbiter
001043d0 T svcArbitrateAddress
001043e8 T svcCloseHandle
001043f0 T svcWaitSynchronization
001043f8 T svcWaitSynchronizationN
00104420 T svcDuplicateHandle
00104434 T svcGetSystemTick
0010443c T svcGetSystemInfo
00104454 T svcConnectToPort
00104468 T svcSendSyncRequest
00104470 T svcBreak
00104478 00000024 t addrMapNodeComparator(rbtree_node const*, rbtree_node const*)
0010449c 00000004 t addrMapNodeDestructor(rbtree_node*)
001044a0 00000110 T vramMemAlign
001045b0 00000008 T vramAlloc
001045b8 00000050 T vramFree
00104608 00000024 t addrMapNodeComparator(rbtree_node const*, rbtree_node const*)
0010462c 00000004 t addrMapNodeDestructor(rbtree_node*)
00104630 000000e4 T mappableAlloc
00104714 00000050 T mappableFree
00104764 00000024 t addrMapNodeComparator(rbtree_node const*, rbtree_node const*)
00104788 00000004 t addrMapNodeDestructor(rbtree_node*)
0010478c 0000011c T linearMemAlign
001048a8 00000008 T linearAlloc
001048b0 00000050 T linearFree
00104900 00000090 T MemPool::CoalesceRight(MemBlock*)
00104990 00000174 T MemPool::Allocate(MemChunk&, unsigned long, int)
00104b04 000000fc T MemPool::Deallocate(MemChunk const&)
00104c00 00000038 t LightLock_Unlock.part.1
00104c38 0000000c T __sync_init
00104c44 00000018 T __sync_fini
00104c5c 00000010 T __sync_get_arbiter
00104c6c 00000018 T LightLock_Init
00104c84 0000009c T LightLock_Lock
00104d20 00000034 T LightLock_TryLock
00104d54 00000020 T LightLock_Unlock
00104d74 00000024 T RecursiveLock_Init
00104d98 00000030 T RecursiveLock_Lock
00104dc8 00000058 T RecursiveLock_TryLock
00104e20 00000038 T RecursiveLock_Unlock
00104e58 00000038 T LightEvent_Init
00104e90 0000007c T LightEvent_Clear
00104f0c 000000dc T LightEvent_Signal
00104fe8 000000c0 T LightEvent_Wait
001050a8 00000058 t getSysTime
00105100 00000028 t __ctru_speedup_config.part.0
00105128 00000024 T osGetMemRegionUsed
00105150 00000128 T __libctru_gtod
00105278 00000018 T __ctru_speedup_config
00105290 00000058 T srvExit
001052e8 00000038 T srvRegisterClient
00105320 000000c8 T srvInit
001053e8 00000080 T srvGetServiceHandleDirect
00105468 00000038 T srvGetServiceHandle
001054a0 0000001c t threadFree.part.0
001054bc 00000194 T threadCreate
00105650 00000024 T threadJoin
00105674 00000068 T threadExit
001056dc 00000048 t _thread_begin
00105724 000000ac T irrstScanInput
001057d0 00000024 T irrstKeysHeld
001057f4 00000050 T IRRST_GetHandles
00105844 00000154 T irrstInit
00105998 0000002c T IRRST_Shutdown
001059c4 000000ac T irrstExit
00105a70 0000000c T srvPmGetSessionHandle
00105a7c 00000074 T ptmSysmInit
00105af0 0000003c T ptmSysmExit
00105b2c 00000034 T PTMSYSM_ConfigureNew3DSCPU
00105b60 00000014 T rbtree_init
00105b74 0000018c t do_insert
00105d00 00000008 T rbtree_insert
00105d08 00000090 T rbtree_rotate
00105d98 00000330 T rbtree_remove
001060c8 00000074 T rbtree_find
0010613c 0000001c W __appInit
00106158 0000001c W __appExit
00106174 000000a0 W __libctru_exit
00106214 00000080 T envGetHandle
00106294 0000004c T envDestroyHandles
001062e0 00000010 t sdmc_link
001062f0 00000010 t sdmc_dirreset
00106300 00000010 t sdmc_chmod
00106310 00000024 t error_cmp
00106334 00000050 t sdmc_translate_error
00106384 00000034 t sdmc_fsync
001063b8 00000054 t sdmc_ftruncate
0010640c 000000b8 t sdmc_statvfs
001064c4 00000038 t sdmc_dirclose
001064fc 0000012c t sdmc_dirnext
00106628 00000034 t sdmc_close
0010665c 00000074 t sdmc_fstat
001066d0 000000d8 t sdmc_seek
001067a8 00000084 t sdmc_read
0010682c 000000c0 t sdmc_write
001068ec 000001b0 t sdmc_utf16path
00106a9c 00000074 t sdmc_rmdir
00106b10 000000a4 t sdmc_diropen
00106bb4 000000b0 t sdmc_chdir
00106c64 00000094 t sdmc_mkdir
00106cf8 00000108 t sdmc_rename
00106e00 00000074 t sdmc_unlink
00106e74 00000108 t sdmc_stat
00106f7c 00000198 t sdmc_open
00107114 00000010 t sdmc_fchmod
00107124 00000168 T sdmcInit
0010728c 00000060 T sdmcExit
001072ec 00000028 t fsSessionForArchive.part.0
00107314 000000c4 T fsInit
001073d8 0000003c T fsExit
00107414 00000064 T fsExemptFromSession
00107478 00000054 T fsUnexemptFromSession
001074cc 000000bc T FSUSER_OpenFile
00107588 000000a4 T FSUSER_DeleteFile
0010762c 000000dc T FSUSER_RenameFile
00107708 000000a4 T FSUSER_DeleteDirectory
001077ac 000000bc T FSUSER_CreateFile
00107868 000000ac T FSUSER_CreateDirectory
00107914 000000dc T FSUSER_RenameDirectory
001079f0 000000a0 T FSUSER_OpenDirectory
00107a90 00000098 T FSUSER_OpenArchive
00107b28 00000070 T FSUSER_CloseArchive
00107b98 00000078 T FSUSER_GetSdmcArchiveResource
00107c10 00000064 T FSUSER_IsSdmcWritable
00107c74 00000058 T FSFILE_Read
00107ccc 00000064 T FSFILE_Write
00107d30 00000038 T FSFILE_GetSize
00107d68 00000028 T FSFILE_SetSize
00107d90 0000003c T FSFILE_Close
00107dcc 00000024 T FSFILE_Flush
00107df0 00000054 T FSDIR_Read
00107e44 0000003c T FSDIR_Close
00107e80 00000078 T rbtree_node_next
00107ef8 000000c0 T utf8_to_utf16
00107fb8 00000138 T decode_utf8
001080f0 000000e8 T utf16_to_utf8
001081d8 T __aeabi_read_tp
001081e4 00000068 T encode_utf16
0010824c 00000104 T encode_utf8
00108350 00000060 T decode_utf16
001083b0 0000002c T __aeabi_d2lz
001083b0 0000002c T __fixdfdi
001083e0 00000040 T __aeabi_d2ulz
001083e0 00000040 T __fixunsdfdi
00108420 00000128 T __udivmoddi4
00108548 0000007c T bsearch
001085c4 00000040 T __libc_fini_array
00108604 0000007c T __libc_init_array
00108680 00000020 T memalign
001086a0 0000014c T _memalign_r
001087ec 00000018 T malloc
00108804 00000018 T free
0010881c 0000078c T _malloc_r
00108fa8 00000100 T memchr
001090a8 00000118 T memcpy
001091c0 00000114 T memset
001092d4 0000000c T __malloc_lock
001092e0 0000000c T __malloc_unlock
001092ec 00000038 T printf
00109324 0000025c T setvbuf
00109580 00000074 T sscanf
001095f4 0000003c T __sread
00109630 00000008 T __seofread
00109638 00000068 T __swrite
001096a0 00000048 T __sseek
001096e8 00000008 T __sclose
001096f0 0000005c T strlen
0010974c 00000098 T strncat
001097e4 000000e0 T strncpy
001098c4 0000005c T strnlen
00109920 00000048 t get_arg
00109968 00002b48 T __ssvfscanf_r
0010c4b0 00000034 T __sprint_r
0010c4e4 00000630 t get_arg
0010cb18 00003724 T _vfprintf_r
0011023c 000000d0 t __sbprintf
0011030c 000000a0 T _wcrtomb_r
001103ac 00000020 T _wcsrtombs_r
001103cc 00000150 T __swsetup_r
0011051c 000001c8 t quorem
001106e8 000012e4 T _dtoa_r
001119cc 00000270 T __sflush_r
00111c3c 00000094 T _fflush_r
00111cd0 00000078 t std
00111d48 0000000c T _cleanup_r
00111d54 0000008c T __sinit
00111de0 0000000c T __sfp_lock_acquire
00111dec 0000000c T __sfp_lock_release
00111df8 000000f8 T _malloc_trim_r
00111ef0 000002e4 T _free_r
001121d4 000004a4 T __sfvwrite_r
00112678 00000080 T _fwalk_reent
001126f8 00000074 T iswspace
0011276c 000001e0 t __jp2uc
0011294c 000000c4 T _jp2uc
00112a10 00000008 T __localeconv_l
00112a18 00000024 T _localeconv_r
00112a3c 00000024 T __locale_mb_cur_max
00112a60 00000008 T __locale_ctype_ptr_l
00112a68 00000024 T __locale_ctype_ptr
00112a8c 00000094 T __swhatbuf_r
00112b20 000000f4 T __smakebuf_r
00112c14 000000b4 T _mbrtowc_r
00112cc8 000002fc T __utf8_mbtowc
00112fc4 00000154 T memmove
00113118 00000088 T _Balloc
001131a0 0000001c T _Bfree
001131bc 000000e0 T __multadd
0011329c 000000e4 T __s2b
00113380 00000058 T __hi0bits
001133d8 0000009c T __lo0bits
00113474 00000020 T __i2b
00113494 000001c4 T __multiply
00113658 00000100 T __pow5mult
00113758 000000f4 T __lshift
0011384c 0000005c T __mcmp
001138a8 00000168 T __mdiff
00113a10 00000074 T __ulp
00113a84 000000d4 T __b2d
00113b58 00000100 T __d2b
00113c58 00000084 T __ratio
00113cdc 0000006c T __copybits
00113d48 00000078 T __any_on
00113dc0 00000020 T realloc
00113de0 000004bc T _realloc_r
0011429c 000000cc T __sccl
00114368 0000000c T nanf
00114378 000000a8 T frexp
00114420 00000064 T sprintf
00114484 00000100 T stpncpy
00114584 00000180 T strchr
00114704 0000010c T strncmp
00114810 00000054 t sulp
00114868 00001404 T _strtod_l
00115c6c 0000003c T _strtod_r
00115ca8 00000260 t _strtoll_l.isra.0
00115f08 00000050 T _strtoll_r
00115f58 000001b8 t _strtol_l.isra.0
00116110 00000050 T _strtol_r
00116160 00000260 t _strtoull_l.isra.0
001163c0 00000050 T _strtoull_r
00116410 000001cc t _strtoul_l.isra.0
001165dc 00000050 T _strtoul_r
0011662c 00000188 T __ssprint_r
001167b4 000000e4 T _sungetc_r
00116898 0000006c T __ssrefill_r
00116904 000000c8 T _sfread_r
001169cc 00000630 t get_arg
00117000 00003640 T _svfprintf_r
0011a640 000000a4 T __submore
0011a6e4 00000184 T _wcsnrtombs_l
0011a868 00000064 T _wcsnrtombs_r
0011a8cc 000000e8 T __utf8_wctomb
0011a9b4 00000094 T _calloc_r
0011aa48 00000160 T _fclose_r
0011aba8 000000ec t rshift
0011ac94 00000828 T __gethex
0011b4bc 00000060 T __match
0011b51c 00000254 T __hexnan
0011b770 00000008 t null_write
0011b778 00000018 T setDefaultDevice
0011b790 000000cc T FindDevice
0011b85c 00000028 T RemoveDevice
0011b884 00000098 T AddDevice
0011b91c 00000084 T _close_r
0011b9a0 00000074 T _fstat_r
0011ba14 00000008 T _isatty_r
0011ba1c 00000084 T _lseek_r
0011baa0 00000080 T _read_r
0011bb20 00000070 T _sbrk_r
0011bb90 00000080 T _write_r
0011bc10 000001cc T _concatenate_path
0011bddc 0000015c T chdir
0011bf38 00000008 T __flockfile
0011bf40 00000008 T __funlockfile
0011bf48 00000018 T __libc_lock_acquire
0011bf60 00000018 T __libc_lock_release
0011bf78 00000018 T __libc_lock_init_recursive
0011bf90 00000018 T __libc_lock_acquire_recursive
0011bfa8 00000018 T __libc_lock_release_recursive
0011bfc0 00000018 T __libc_lock_close_recursive
0011bfd8 0000008c T __release_handle
0011c064 00000018 T __get_handle
0011c07c 00000028 T __getreent
0011c0a4 00000044 T strrchr
0011c0e8 T _fini
0011d000 R default_font_bin
0011d800 R default_font_bin_end
0011d800 R default_font_bin_size
0011d84c 00000030 r colorTable
0011d8d0 00000068 r dotab_stdout
0011d948 00000014 r CSWTCH.56
0011d95c 00000008 r framebufferInfoSt
0011d9bc 00000030 r error_table
0011da0c 00000022 r basefix.8753
0011da6c 00000010 r blanks.8720
0011da7c 00000010 r zeroes.8721
0011da9c r .LC2
0011dab4 000000bc r a1
0011db70 000000bc r a2
0011dc2c 0000005b r a3
0011dc88 00000070 r a6
0011dcf8 000000a2 r a7
0011dd9c 00000040 r a8
0011dddc 0000172a r b02cf
0011f508 00001a7c r d02f4
00120fd0 00000028 R __mprec_bigtens
00120ff8 000000c8 R __mprec_tens
001210c0 0000000c r p05.7473
001210dc 00000014 r fpi.7553
001210f0 00000014 r fpinan.7589
00121108 00000028 r tinytens
00121130 0000006c R __action_table
0012119c 00000100 R __chclass
0012129c 0000006c R __state_table
00121308 00000010 r blanks.8705
00121318 00000010 r zeroes.8706
00121328 00000101 R _ctype_
0012142c 00000100 R __hexdig
00121534 00000070 R dotab_stdnull
001215a4 00000003 R DIRECTORY_PARENT
001215a8 r 
001215a8 R __exidx_end
001215a8 R __exidx_start
00122000 W __stacksize__
00122004 00000004 D currentConsole
00122008 0000004c D defaultConsole
00122054 00000001 d firstConsoleInit.8155
00122055 00000001 d botFormat
00122058 00000008 d doubleBuf
00122060 00000001 d topFormat
00122064 00000004 d gspLastEvent
00122068 00000004 d aptFlags
0012206c 00000004 V __ctru_linear_heap_size
00122070 00000401 d __cwd
00122474 00000068 d sdmc_devoptab
001224dc 00000004 D _impure_ptr
001224e0 00000460 d impure_data
00122940 00000408 D __malloc_av_
00122d48 00000004 D __malloc_sbrk_base
00122d4c 00000004 D __malloc_trim_threshold
00122d50 0000000c d __malloc_recursive_mutex
00122d5c 0000000c d __sfp_recursive_mutex
00122d68 0000000c d __sinit_recursive_mutex
00122d74 0000016c D __global_locale
00122ee0 00000004 d defaultDevice
00122ee4 00000040 D devoptab_list
00122f24 00001000 d _current_working_directory
00123f24 00000004 d __hndl_lock
00123f28 0000000c d __stderr_handle
00123f34 0000000c d __stdin_handle
00123f40 0000000c d __stdout_handle
00123f4c 00001000 d handles
00124f4c t __frame_dummy_init_array_entry
00124f4c T __init_array_start
00124f4c B __preinit_array_end
00124f4c B __preinit_array_start
00124f4c D __tdata_lma
00124f4c D __tdata_lma_end
00124f4c D __TMC_END__
00124f4c d __TMC_LIST__
00124f50 t __do_global_dtors_aux_fini_array_entry
00124f50 T __fini_array_start
00124f50 T __init_array_end
00124f54 T __bss_start__
00124f54 T __fini_array_end
00124f54 b saved_stack
00124f5c b completed.10347
00124f60 b object.10352
00124f78 00000002 b currentBuffer
00124f7a 00000001 b enable3d
00124f7c 00000004 b screenAlloc
00124f80 00000004 b screenFree
00124f84 00000004 b gspEvent
00124f88 0000001c b gspEventCb
00124fa4 0000001c b gspEventCbData
00124fc0 00000007 b gspEventCbOneShot
00124fc8 0000001c b gspEventCounts
00124fe4 00000004 b gspEventData
00124fe8 00000004 b gspEventThread
00124fec 00000038 b gspEvents
00125024 00000004 b gspRefCount
00125028 00000001 b gspRunEvents
00125029 00000001 b aptChainloadMediatype
00125030 00000008 b aptChainloadTid
00125038 00000004 b aptEventHandlerThread
0012503c 0000000c b aptEvents
00125048 0000000c b aptFirstHook
00125054 00000001 b aptHomeButtonState
00125058 00000004 b aptLockHandle
0012505c 00000004 b aptMessageFunc
00125060 00000004 b aptMessageFuncData
00125064 00001000 b aptParameters
00126064 00000004 b aptRefCount
00126068 00000008 b aptSleepEvent
00126070 00000001 b flagInit.8273
00126071 00000001 b flagValue.8274
00126074 00000004 b serviceName.7912
00126078 00000006 b aVec
00126080 00000004 b cPos
00126084 00000006 b gRate
0012608c 00000004 b hidRefCount
00126090 00000004 b kDown
00126094 00000004 b kHeld
00126098 00000004 b kOld
0012609c 00000004 b kUp
001260a0 00000004 b tPos
001260a4 00000004 V __ctru_heap_size
001260a8 0000000c b sAddrMap
001260b4 00000008 b sVramPool
001260bc 00000008 b sMappablePool
001260c4 0000000c b sAddrMap
001260d0 00000008 b sLinearPool
001260d8 0000000c b sAddrMap
001260e4 00000004 b arbiter
001260e8 00000001 V __ctru_speedup
001260ec 00000004 b srvHandle
001260f0 00000004 b srvRefCount
001260f4 00000004 b csPos
001260f8 00000004 b irrstRefCount
001260fc 00000004 b kHeld
00126100 00000004 b srvPmHandle
00126104 00000004 b ptmSysmHandle
00126108 00000004 b ptmSysmRefCount
00126110 00000008 b sdmcArchive
00126118 00000001 b sdmcInitialised
00126120 00000080 b fsExemptArchives
001261a0 00000004 b fsuHandle
001261a4 00000004 b fsuRefCount
001261a8 00000028 B __malloc_current_mallinfo
001261d0 00000004 B __malloc_max_sbrked_mem
001261d4 00000004 B __malloc_max_total_mem
001261d8 00000004 B __malloc_top_pad
001261dc 00000004 b heap_start.7392
001261e0 00000004 B fake_heap_end
001261e4 00000004 B fake_heap_start
001261e8 00001000 b temp_cwd
001271e8 00000048 B __syscalls
00127230 0000004c B currentCopy
0012727c 00000008 B gfxBottomFramebuffers
00127284 00000004 B gspSharedMemHandle
00127288 0000001c B bottomFramebufferInfo
001272a4 00000004 B gspEvent
001272a8 00000008 B gfxTopLeftFramebuffers
001272b0 00000008 B gfxTopRightFramebuffers
001272b8 0000001c B topFramebufferInfo
001272d4 00000001 B gfxThreadID
001272d8 00000004 B gfxSharedMemory
001272dc 00000004 B gfxTopFramebufferMaxSize
001272e0 00000004 B gfxBottomFramebufferMaxSize
001272e4 00000004 B gxCmdBuf
001272e8 00000004 B gspGpuHandle
001272ec 00000004 B hidMemHandle
001272f0 00000004 B hidHandle
001272f4 00000004 B hidSharedMem
001272f8 00000014 B hidEvents
0012730c 00000004 B __system_retAddr
00127310 00000004 B __ctru_linear_heap
00127314 00000004 B __ctru_heap
00127318 00000004 B __system_argv
0012731c 00000004 B __system_argc
00127320 00000004 B irrstHandle
00127324 00000004 B irrstEvent
00127328 00000004 B irrstMemHandle
0012732c 00000004 B irrstSharedMem
00127330 B __tls_start
0012873c B __bss_end__
0012873c A __end__
0012873c B __tls_end
